app/build/intermediates/manifest_merge_blame_file/debug/manifest-merger-blame-debug-report.txt
1<?xml version="1.0" encoding="utf-8"?>
2<manifest xmlns:android="http://schemas.android.com/apk/res/android"
3    package="com.bruno.futbol"
4    android:versionCode="1"
5    android:versionName="1.0" >
6
7    <uses-sdk
8        android:minSdkVersion="24"
8-->src\main\AndroidManifest.xml
9        android:targetSdkVersion="29" />
9-->src\main\AndroidManifest.xml
10
11    <application
11-->src\main\AndroidManifest.xml:5:5-34:19
12        android:allowBackup="true"
12-->src\main\AndroidManifest.xml:6:9-35
13        android:appComponentFactory="androidx.core.app.CoreComponentFactory"
13-->[androidx.core:core:1.0.1] AndroidManifest.xml:22:18-86
14        android:debuggable="true"
15        android:icon="@mipmap/ic_launcher"
15-->src\main\AndroidManifest.xml:7:9-43
16        android:label="@string/app_name"
16-->src\main\AndroidManifest.xml:8:9-41
17        android:roundIcon="@mipmap/ic_launcher_round"
17-->src\main\AndroidManifest.xml:9:9-54
18        android:supportsRtl="true"
18-->src\main\AndroidManifest.xml:10:9-35
19        android:testOnly="true"
20        android:theme="@style/AppTheme" >
20-->src\main\AndroidManifest.xml:11:9-40
21        <activity
21-->src\main\AndroidManifest.xml:12:9-15:68
22            android:name="com.bruno.futbol.Jogadores"
22-->src\main\AndroidManifest.xml:13:13-38
23            android:label="@string/title_activity_jogaadores"
23-->src\main\AndroidManifest.xml:14:13-62
24            android:theme="@style/AppTheme.NoActionBar" />
24-->src\main\AndroidManifest.xml:15:13-56
25        <activity android:name="com.bruno.futbol.TIMES" />
25-->src\main\AndroidManifest.xml:16:9-43
25-->src\main\AndroidManifest.xml:16:19-40
26        <activity android:name="com.bruno.futbol.Formulario_JogadorActivity" />
26-->src\main\AndroidManifest.xml:17:9-64
26-->src\main\AndroidManifest.xml:17:19-61
27        <!-- <activity android:name=".Formulario_JogadorActivity" /> -->
28        <activity
28-->src\main\AndroidManifest.xml:19:9-24:20
29            android:name="com.bruno.futbol.MainActivity"
29-->src\main\AndroidManifest.xml:20:13-41
30            android:label="@string/app_name"
30-->src\main\AndroidManifest.xml:21:13-45
31            android:theme="@style/AppTheme.NoActionBar" >
31-->src\main\AndroidManifest.xml:22:13-56
32        </activity>
33        <activity
33-->src\main\AndroidManifest.xml:25:9-33:20
34            android:name="com.bruno.futbol.SplashActivity"
34-->src\main\AndroidManifest.xml:25:19-49
35            android:label="@string/app_name"
35-->src\main\AndroidManifest.xml:26:13-45
36            android:theme="@style/AppTheme.NoActionBar" >
36-->src\main\AndroidManifest.xml:27:13-56
37            <intent-filter>
37-->src\main\AndroidManifest.xml:28:13-32:29
38                <action android:name="android.intent.action.MAIN" />
38-->src\main\AndroidManifest.xml:29:17-69
38-->src\main\AndroidManifest.xml:29:25-66
39
40                <category android:name="android.intent.category.LAUNCHER" />
40-->src\main\AndroidManifest.xml:31:17-77
40-->src\main\AndroidManifest.xml:31:27-74
41            </intent-filter>
42        </activity>
43    </application>
44
45</manifest>